2015-08-10 19:31:23,288 INFO  [Cli] Args: [/Users/cawilkes/Documents/ELLE NEWS/ELLE ASYMMETRICAL TAB WITH ADS MARGIN TEST, /Users/cawilkes/Documents/ELLE NEWS/ELLE ASYMMETRICAL TAB WITH ADS MARGIN TEST/output, --input-document, article.json, --output-document, article.json, --output-diagnostics, diag.json]
2015-08-10 19:31:24,168 INFO  [DiagnosticsManager] Starting conversion at Aug 10, 2015 7:31:24 PM.
2015-08-10 19:31:24,423 WARN  [DiagnosticsManager] factor=0.4 is out of range and is being set to lower limit of 0.5. Source: [{"type":"parallax","factor":0.4}] keyPath: [<empty>]
2015-08-10 19:31:24,690 INFO  [ResourceProcessor] Trying to get resource: ImageResource bundle://landscape-1438717869-bfa-2673-289453.jpg
2015-08-10 19:31:24,691 INFO  [ResourceProcessor] .......[OK]
2015-08-10 19:31:24,691 INFO  [ResourceProcessor] Trying to get resource: ImageResource bundle://tab2.png
2015-08-10 19:31:24,691 INFO  [ResourceProcessor] .......[OK]
2015-08-10 19:31:24,691 INFO  [ResourceProcessor] Trying to get resource: ImageResource bundle://cosmo_sub_ad.png
2015-08-10 19:31:24,691 INFO  [ResourceProcessor] .......[OK]
2015-08-10 19:31:24,731 WARN  [ComponentLayoutInheritanceProcessor] Layout span was out of parents bound; we adjusted it to fit in the parent
2015-08-10 19:31:24,731 WARN  [ComponentLayoutInheritanceProcessor] Layout span was out of parents bound; we adjusted it to fit in the parent
2015-08-10 19:31:24,731 WARN  [ComponentLayoutInheritanceProcessor] Layout span was out of parents bound; we adjusted it to fit in the parent
2015-08-10 19:31:24,731 WARN  [ComponentLayoutInheritanceProcessor] Layout span was out of parents bound; we adjusted it to fit in the parent
2015-08-10 19:31:24,731 WARN  [ComponentLayoutInheritanceProcessor] Layout span was out of parents bound; we adjusted it to fit in the parent
2015-08-10 19:31:24,732 WARN  [ComponentLayoutInheritanceProcessor] Layout span was out of parents bound; we adjusted it to fit in the parent
2015-08-10 19:31:25,521 INFO  [DiagnosticsManager] Conversion ended at Aug 10, 2015 7:31:25 PM and took 1374 milliseconds.
2015-08-10 19:31:25,576 INFO  [Cli] Copying font resource: 16e3b729-9cc0-490e-9de3-d678f36aba08.ttf
2015-08-10 19:31:25,580 INFO  [Cli] Copying font resource: 2889b152-497e-4ea3-a90d-02854d136a8d.ttf
2015-08-10 19:31:25,581 INFO  [Cli] Copying font resource: 2b2d2805-4f0f-4f00-9b9d-0bfdf44decc9.ttf
2015-08-10 19:31:25,582 INFO  [Cli] Copying font resource: 44ccbb2b-0fbc-4d95-b1da-0aa73bd26fb0.ttf
2015-08-10 19:31:25,583 INFO  [Cli] Copying font resource: 5c9c6048-4848-4567-b43d-8dc064665296.ttf
2015-08-10 19:31:25,584 INFO  [Cli] Copying font resource: 7ca2dc9a-a574-4c52-82d2-90ac07ef71e0.ttf
2015-08-10 19:31:25,585 INFO  [Cli] Copying font resource: e25c55fc-319b-44b0-a8c6-cf4718019f3a.ttf
